Compiling the C compiler identification source file "CMakeCCompilerId.c" failed.
Compiler: /Applications/Xcode.app/Contents/Developer/Toolchains/XcodeDefault.xctoolchain/usr/bin/cc 
Build flags: 
Id flags:  

The output was:
1
ld: library not found for -lSystem
clang: error: linker command failed with exit code 1 (use -v to see invocation)


Detecting C OpenMP version failed with the following output:
Change Dir: /Users/evgeniisamarin/CLionProjects/openMP/cmake-build-debug/CMakeFiles/CMakeTmp

Run Build Command(s):/usr/bin/make -f Makefile cmTC_cc1f1/fast && /Applications/Xcode.app/Contents/Developer/usr/bin/make  -f CMakeFiles/cmTC_cc1f1.dir/build.make CMakeFiles/cmTC_cc1f1.dir/build
Building C object CMakeFiles/cmTC_cc1f1.dir/OpenMPCheckVersion.c.o
/Applications/Xcode.app/Contents/Developer/Toolchains/XcodeDefault.xctoolchain/usr/bin/cc   -fopenmp=libomp -Wno-unused-command-line-argument -isysroot /Applications/Xcode.app/Contents/Developer/Platforms/MacOSX.platform/Developer/SDKs/MacOSX11.3.sdk -MD -MT CMakeFiles/cmTC_cc1f1.dir/OpenMPCheckVersion.c.o -MF CMakeFiles/cmTC_cc1f1.dir/OpenMPCheckVersion.c.o.d -o CMakeFiles/cmTC_cc1f1.dir/OpenMPCheckVersion.c.o -c /Users/evgeniisamarin/CLionProjects/openMP/cmake-build-debug/CMakeFiles/FindOpenMP/OpenMPCheckVersion.c
clang: error: unsupported argument 'libomp' to option 'fopenmp='
make[1]: *** [CMakeFiles/cmTC_cc1f1.dir/OpenMPCheckVersion.c.o] Error 1
make: *** [cmTC_cc1f1/fast] Error 2



Detecting CXX OpenMP version failed with the following output:
Change Dir: /Users/evgeniisamarin/CLionProjects/openMP/cmake-build-debug/CMakeFiles/CMakeTmp

Run Build Command(s):/usr/bin/make -f Makefile cmTC_6adac/fast && /Applications/Xcode.app/Contents/Developer/usr/bin/make  -f CMakeFiles/cmTC_6adac.dir/build.make CMakeFiles/cmTC_6adac.dir/build
Building CXX object CMakeFiles/cmTC_6adac.dir/OpenMPCheckVersion.cpp.o
/usr/bin/clang++   -Wall -std=gnu++0x -fopenmp=libomp -Wno-unused-command-line-argument -isysroot /Applications/Xcode.app/Contents/Developer/Platforms/MacOSX.platform/Developer/SDKs/MacOSX11.3.sdk -std=gnu++11 -MD -MT CMakeFiles/cmTC_6adac.dir/OpenMPCheckVersion.cpp.o -MF CMakeFiles/cmTC_6adac.dir/OpenMPCheckVersion.cpp.o.d -o CMakeFiles/cmTC_6adac.dir/OpenMPCheckVersion.cpp.o -c /Users/evgeniisamarin/CLionProjects/openMP/cmake-build-debug/CMakeFiles/FindOpenMP/OpenMPCheckVersion.cpp
clang: error: unsupported argument 'libomp' to option 'fopenmp='
make[1]: *** [CMakeFiles/cmTC_6adac.dir/OpenMPCheckVersion.cpp.o] Error 1
make: *** [cmTC_6adac/fast] Error 2



Detecting C OpenMP version failed with the following output:
Change Dir: /Users/evgeniisamarin/CLionProjects/openMP/cmake-build-debug/CMakeFiles/CMakeTmp

Run Build Command(s):/usr/bin/make -f Makefile cmTC_8f93a/fast && /Applications/Xcode.app/Contents/Developer/usr/bin/make  -f CMakeFiles/cmTC_8f93a.dir/build.make CMakeFiles/cmTC_8f93a.dir/build
Building C object CMakeFiles/cmTC_8f93a.dir/OpenMPCheckVersion.c.o
/Applications/Xcode.app/Contents/Developer/Toolchains/XcodeDefault.xctoolchain/usr/bin/cc   -fopenmp=libomp -Wno-unused-command-line-argument -isysroot /Applications/Xcode.app/Contents/Developer/Platforms/MacOSX.platform/Developer/SDKs/MacOSX11.3.sdk -MD -MT CMakeFiles/cmTC_8f93a.dir/OpenMPCheckVersion.c.o -MF CMakeFiles/cmTC_8f93a.dir/OpenMPCheckVersion.c.o.d -o CMakeFiles/cmTC_8f93a.dir/OpenMPCheckVersion.c.o -c /Users/evgeniisamarin/CLionProjects/openMP/cmake-build-debug/CMakeFiles/FindOpenMP/OpenMPCheckVersion.c
clang: error: unsupported argument 'libomp' to option 'fopenmp='
make[1]: *** [CMakeFiles/cmTC_8f93a.dir/OpenMPCheckVersion.c.o] Error 1
make: *** [cmTC_8f93a/fast] Error 2



Detecting CXX OpenMP version failed with the following output:
Change Dir: /Users/evgeniisamarin/CLionProjects/openMP/cmake-build-debug/CMakeFiles/CMakeTmp

Run Build Command(s):/usr/bin/make -f Makefile cmTC_3ca13/fast && /Applications/Xcode.app/Contents/Developer/usr/bin/make  -f CMakeFiles/cmTC_3ca13.dir/build.make CMakeFiles/cmTC_3ca13.dir/build
Building CXX object CMakeFiles/cmTC_3ca13.dir/OpenMPCheckVersion.cpp.o
/usr/bin/clang++   -Wall -std=gnu++0x -fopenmp=libomp -Wno-unused-command-line-argument -isysroot /Applications/Xcode.app/Contents/Developer/Platforms/MacOSX.platform/Developer/SDKs/MacOSX11.3.sdk -std=gnu++11 -MD -MT CMakeFiles/cmTC_3ca13.dir/OpenMPCheckVersion.cpp.o -MF CMakeFiles/cmTC_3ca13.dir/OpenMPCheckVersion.cpp.o.d -o CMakeFiles/cmTC_3ca13.dir/OpenMPCheckVersion.cpp.o -c /Users/evgeniisamarin/CLionProjects/openMP/cmake-build-debug/CMakeFiles/FindOpenMP/OpenMPCheckVersion.cpp
clang: error: unsupported argument 'libomp' to option 'fopenmp='
make[1]: *** [CMakeFiles/cmTC_3ca13.dir/OpenMPCheckVersion.cpp.o] Error 1
make: *** [cmTC_3ca13/fast] Error 2



